[    0.000000] Linux version 4.15.0-212-generic (buildd@lcy02-amd64-083) (gcc version 7.5.0 (Ubuntu 7.5.0-3ubuntu1~18.04)) #223-Ubuntu SMP Tue May 23 13:09:22 UTC 2023 (Ubuntu 4.15.0-212.223-generic 4.15.18)
[    0.000000] Command line: BOOT_IMAGE=/boot/vmlinuz-4.15.0-212-generic root=LABEL=cloudimg-rootfs ro console=tty1 console=ttyS0
[    0.000000] KERNEL supported cpus:
[    0.000000]   Intel GenuineIntel
[    0.000000]   AMD AuthenticAMD
[    0.000000]   Centaur CentaurHauls
[    0.000000] [Firmware Bug]: TSC doesn't count with P0 frequency!
[    0.000000] x86/fpu: x87 FPU will use FXSAVE
[    0.000000] e820: BIOS-provided physical RAM map:
[    0.000000] BIOS-e820: [mem 0x0000000000000000-0x000000000009fbff] usable
[    0.000000] BIOS-e820: [mem 0x000000000009fc00-0x000000000009ffff] reserved
[    0.000000] BIOS-e820: [mem 0x00000000000f0000-0x00000000000fffff] reserved
[    0.000000] BIOS-e820: [mem 0x0000000000100000-0x000000001ffeffff] usable
[    0.000000] BIOS-e820: [mem 0x000000001fff0000-0x000000001fffffff] ACPI data
[    0.000000] BIOS-e820: [mem 0x00000000fec00000-0x00000000fec00fff] reserved
[    0.000000] BIOS-e820: [mem 0x00000000fee00000-0x00000000fee00fff] reserved
[    0.000000] BIOS-e820: [mem 0x00000000fffc0000-0x00000000ffffffff] reserved
[    0.000000] NX (Execute Disable) protection: active
[    0.000000] SMBIOS 2.5 present.
[    0.000000] DMI: innotek GmbH VirtualBox/VirtualBox, BIOS VirtualBox 12/01/2006
[    0.000000] Hypervisor detected: KVM
[    0.000000] e820: last_pfn = 0x1fff0 max_arch_pfn = 0x400000000
[    0.000000] x86/PAT: Configuration [0-7]: WB  WC  UC- UC  WB  WP  UC- WT  
[    0.000000] CPU MTRRs all blank - virtualized system.
[    0.000000] found SMP MP-table at [mem 0x0009fbf0-0x0009fbff]
[    0.000000] Scanning 1 areas for low memory corruption
[    0.000000] RAMDISK: [mem 0x1db01000-0x1ee12fff]
[    0.000000] ACPI: Early table checksum verification disabled
[    0.000000] ACPI: RSDP 0x00000000000E0000 000024 (v02 VBOX  )
[    0.000000] ACPI: XSDT 0x000000001FFF0030 00003C (v01 VBOX   VBOXXSDT 00000001 ASL  00000061)
[    0.000000] ACPI: FACP 0x000000001FFF00F0 0000F4 (v04 VBOX   VBOXFACP 00000001 ASL  00000061)
[    0.000000] ACPI: DSDT 0x000000001FFF0610 002353 (v02 VBOX   VBOXBIOS 00000002 INTL 20100528)
[    0.000000] ACPI: FACS 0x000000001FFF0200 000040
[    0.000000] ACPI: FACS 0x000000001FFF0200 000040
[    0.000000] ACPI: APIC 0x000000001FFF0240 000054 (v02 VBOX   VBOXAPIC 00000001 ASL  00000061)
[    0.000000] ACPI: SSDT 0x000000001FFF02A0 00036C (v01 VBOX   VBOXCPUT 00000002 INTL 20100528)
[    0.000000] ACPI: Reserving FACP table memory at [mem 0x1fff00f0-0x1fff01e3]
[    0.000000] ACPI: Reserving DSDT table memory at [mem 0x1fff0610-0x1fff2962]
[    0.000000] ACPI: Reserving FACS table memory at [mem 0x1fff0200-0x1fff023f]
[    0.000000] ACPI: Reserving FACS table memory at [mem 0x1fff0200-0x1fff023f]
[    0.000000] ACPI: Reserving APIC table memory at [mem 0x1fff0240-0x1fff0293]
[    0.000000] ACPI: Reserving SSDT table memory at [mem 0x1fff02a0-0x1fff060b]
[    0.000000] No NUMA configuration found
[    0.000000] Faking a node at [mem 0x0000000000000000-0x000000001ffeffff]
[    0.000000] NODE_DATA(0) allocated [mem 0x1ffc5000-0x1ffeffff]
[    0.000000] kvm-clock: cpu 0, msr 0:1ff44001, primary cpu clock
[    0.000000] kvm-clock: Using msrs 4b564d01 and 4b564d00
[    0.000000] kvm-clock: using sched offset of 4130844192 cycles
[    0.000000] clocksource: kvm-clock: mask: 0xffffffffffffffff max_cycles: 0x1cd42e4dffb, max_idle_ns: 881590591483 ns
[    0.000000] Zone ranges:
[    0.000000]   DMA      [mem 0x0000000000001000-0x0000000000ffffff]
[    0.000000]   DMA32    [mem 0x0000000001000000-0x000000001ffeffff]
[    0.000000]   Normal   empty
[    0.000000]   Device   empty
[    0.000000] Movable zone start for each node
[    0.000000] Early memory node ranges
[    0.000000]   node   0: [mem 0x0000000000001000-0x000000000009efff]
[    0.000000]   node   0: [mem 0x0000000000100000-0x000000001ffeffff]
[    0.000000] Reserved but unavailable: 104 pages
[    0.000000] Initmem setup node 0 [mem 0x0000000000001000-0x000000001ffeffff]
[    0.000000] ACPI: PM-Timer IO Port: 0x4008
[    0.000000] IOAPIC[0]: apic_id 1, version 32, address 0xfec00000, GSI 0-23
[    0.000000] ACPI: INT_SRC_OVR (bus 0 bus_irq 0 global_irq 2 dfl dfl)
[    0.000000] ACPI: INT_SRC_OVR (bus 0 bus_irq 9 global_irq 9 low level)
[    0.000000] Using ACPI (MADT) for SMP configuration information
[    0.000000] smpboot: Allowing 1 CPUs, 0 hotplug CPUs
[    0.000000] PM: Registered nosave memory: [mem 0x00000000-0x00000fff]
[    0.000000] PM: Registered nosave memory: [mem 0x0009f000-0x0009ffff]
[    0.000000] PM:tered nosave memory: [mem 0x000a0000-0x000effff]
[    0.000000] PM: Registered nosave memory: [mem 0x000f0000-0x000fffff]
[    0.000000] e820: [mem 0x20000000-0xfebfffff] available for PCI devices
[    0.000000] Booting paravirtualized kernel on KVM
[    0.000000] clocksource: refined-jiffies: mask: 0xffffffff max_cycles: 0xffffffff, max_idle_ns: 7645519600211568 ns
[    0.000000] setup_percpu: NR_CPUS:8192 nr_cpumask_bits:1 nr_cpu_ids:1 nr_node_ids:1
[    0.000000] percpu: Embedded 50 pages/cpu s167936 r8192 d28672 u2097152
[    0.000000] PV qspinlock hash table entries: 256 (order: 0, 4096 bytes)
[    0.000000] Built 1 zonelists, mobility grouping on.  Total pages: 128889
[    0.000000] Policy zone: DMA32
[    0.000000] Kernel command line: BOOT_IMAGE=/boot/vmlinuz-4.15.0-212-generic root=LABEL=cloudimg-rootfs ro console=tty1 console=ttyS0
[    0.000000] Memory: 466748K/523832K available (12300K kernel code, 2477K rwdata, 4324K rodata, 2480K init, 2720K bss, 57084K reserved, 0K cma-reserved)
[    0.000000] SLUB: HWalign=64, Order=0-3, MinObjects=0, CPUs=1, Nodes=1
[    0.000000] ftrace: allocating 39508 entries in 155 pages
[    0.004000] Hierarchical RCU implementation.
[    0.004000] 	RCU restricting CPUs from NR_CPUS=8192 to nr_cpu_ids=1.
[    0.004000] 	Tasks RCU enabled.
[    0.004000] RCU: Adjusting geometry for rcu_fanout_leaf=16, nr_cpu_ids=1
[    0.004000] NR_IRQS: 524544, nr_irqs: 256, preallocated irqs: 16
[    0.004000] random: crng init done
[    0.004000] Console: colour VGA+ 80x25
[    0.004000] console [tty1] enabled
[    0.004000] console [ttyS0] enabled
[    0.004000] ACPI: Core revision 20170831
[    0.004000] ACPI: 2 ACPI AML tables successfully acquired and loaded
[    0.004000] APIC: Switch to symmetric I/O mode setup
[    0.008000] ..TIMER: vector=0x30 apic1=0 pin1=2 apic2=-1 pin2=-1
[    0.008008] tsc: Detected 3593.290 MHz processor
[    0.012009] Calibrating delay loop (skipped) preset value.. 7186.58 BogoMIPS (lpj=14373160)
[    0.016003] pid_max: default: 32768 minimum: 301
[    0.020036] Security Framework initialized
[    0.024004] Yama: becoming mindful.
[    0.028025] AppArmor: AppArmor initialized
[    0.032092] Dentry cache hash table entries: 65536 (order: 7, 524288 bytes)
[    0.036027] Inode-cache hash table entries: 32768 (order: 6, 262144 bytes)
[    0.040010] Mount-cache hash table entries: 1024 (order: 1, 8192 bytes)
[    0.044005] Mountpoint-cache hash table entries: 1024 (order: 1, 8192 bytes)
[    0.052089] CPU0: Hyper-Threading is disabled
[    0.056072] Last level iTLB entries: 4KB 1024, 2MB 1024, 4MB 512
[    0.060002] Last level dTLB entries: 4KB 2048, 2MB 2048, 4MB 1024, 1GB 0
[    0.064003] Spectre V1 : Mitigation: usercopy/swapgs barriers and __user pointer sanitization
[    0.068003] Spectre V2 : Mitigation: Retpolines
[    0.072002] Spectre V2 : Spectre v2 / SpectreRSB mitigation: Filling RSB on context switch
[    0.076007] Spectre V2 : Spectre v2 / SpectreRSB : Filling RSB on VMEXIT
[    0.080008] RETBleed: Vulnerable
[    0.084000] Freeing SMP alternatives memory: 36K
[    0.192005] APIC calibration not consistent with PM-Timer: 98ms instead of 100ms
[    0.196000] APIC delta adjusted to PM-Timer: 6227323 (6120158)
[    0.196395] smpboot: CPU0: AMD Ryzen 5 3600 6-Core Processor (family: 0x17, model: 0x71, stepping: 0x0)
[    0.200089] Performance Events: PMU not available due to virtualization, using software events only.
[    0.204088] Hierarchical SRCU implementation.
[    0.208478] NMI watchdog: Perf event create on CPU 0 failed with -2
[    0.212009] NMI watchdog: Perf NMI watchdog permanently disabled
[    0.216079] smp: Bringing up secondary CPUs ...
[    0.220006] smp: Brought up 1 node, 1 CPU
[    0.224006] smpboot: Max logical packages: 1
[    0.228007] smpboot: Total of 1 processors activated (7186.58 BogoMIPS)
[    0.232187] devtmpfs: initialized
[    0.236125] x86/mm: Memory block size: 128MB
[    0.240127] evm: security.selinux
[    0.244005] evm: security.SMACK64
[    0.248003] evm: security.SMACK64EXEC
[    0.251185] evm: security.SMACK64TRANSMUTE
[    0.252006] evm: security.SMACK64MMAP
[    0.256003] evm: security.apparmor
[    0.260004] evm: security.ima
[    0.264003] evm: security.capability
[    0.267196] clocksource: jiffies: mask: 0xffffffff max_cycles: 0xffffffff, max_idle_ns: 7645041785100000 ns
[    0.268014] futex hash table entries: 256 (order: 2, 16384 bytes)
[    0.272060] pinctrl core: initialized pinctrl subsystem
[    0.276428] RTC time:  3:28:38, date: 11/11/24
[    0.280160] NET: Registered protocol family 16
[    0.284111] audit: initializing netlink subsys (disabled)
[    0.288186] cpuidle: using governor ladder
[    0.292014] audit: type=2000 audit(1731295721.778:1): state=initialized audit_enabled=0 res=1
[    0.296008] cpuidle: using governor menu
[    0.302639] ACPI: bus type PCI registered
[    0.304004] acpiphp: ACPI Hot Plug PCI Controller Driver version: 0.5
[    0.308406] PCI: Using configuration type 1 for base access
[    0.312006] PCI: Using configuration type 1 for extended access
[    0.316983] HugeTLB registered 2.00 MiB page size, pre-allocated 0 pages
[    0.320140] ACPI: Added _OSI(Module Device)
[    0.324005] ACPI: Added _OSI(Processor Device)
[    0.328003] ACPI: Added _OSI(3.0 _SCP Extensions)
[    0.332003] ACPI: Added _OSI(Processor Aggregator Device)
[    0.336018] ACPI: Added _OSI(Linux-Dell-Video)
[    0.340028] ACPI: Added _OSI(Linux-Lenovo-NV-HDMI-Audio)
[    0.344003] ACPI: Added _OSI(Linux-HPI-Hybrid-Graphics)
[    0.352632] ACPI: Executed 1 blocks of module-level executable AML code
[    0.362140] ACPI: Interpreter enabled
[    0.364013] ACPI: (supports S0 S5)
[    0.368004] ACPI: Using IOAPIC for interrupt routing
[    0.372495] PCI: Using host bridge windows from ACPI; if necessary, use "pci=nocrs" and report a bug
[    0.376248] ACPI: Enabled 2 GPEs in block 00 to 07
[    0.392234] ACPI: PCI Root Bridge [PCI0] (domain 0000 [bus 00-ff])
[    0.396009] acpi PNP0A03:00: _OSC: OS supports [ExtendedConfig ASPM ClockPM Segments MSI]
[    0.401851] acpi PNP0A03:00: _OSC: platform does not support [PCIeCapability]
[    0.404904] acpi PNP0A03:00: _OSC: not requesting control; platform does not support [PCIeCapability]
[    0.408004] acpi PNP0A03:00: _OSC: OS requested [PCIeHotplug PME AER PCIeCapability]
[    0.412005] acpi PNP0A03:00: _OSC: platform willing to grant [PCIeHotplug PME AER]
[    0.416006] acpi PNP0A03:00: _OSC failed (AE_SUPPORT); disabling ASPM
[    0.424570] PCI host bridge to bus 0000:00
[    0.428004] pci_bus 0000:00: root bus resource [io  0x0000-0x0cf7 window]
[    0.432003] pci_bus 0000:00: root bus resource [io  0x0d00-0xffff window]
[    0.436013] pci_bus 0000:00: root bus resource [mem 0x000a0000-0x000bffff window]
[    0.440010] pci_bus 0000:00: root bus resource [mem 0x20000000-0xfdffffff window]
[    0.444010] pci_bus 0000:00: root bus resource [bus 00-ff]
[    0.456616] pci 0000:00:01.1: legacy IDE quirk: reg 0x10: [io  0x01f0-0x01f7]
[    0.460011] pci 0000:00:01.1: legacy IDE quirk: reg 0x14: [io  0x03f6]
[    0.464005] pci 0000:00:01.1: legacy IDE quirk: reg 0x18: [io  0x0170-0x0177]
[    0.468004] pci 0000:00:01.1: legacy IDE quirk: reg 0x1c: [io  0x0376]
[    0.497593] pci 0000:00:07.0: quirk: [io  0x4000-0x403f] claimed by PIIX4 ACPI
[    0.500047] pci 0000:00:07.0: quirk: [io  0x4100-0x410f] claimed by PIIX4 SMB
[    0.518775] ACPI: PCI Interrupt Link [LNKA] (IRQs 5 9 10 *11)
[    0.524671] ACPI: PCI Interrupt Link [LNKB] (IRQs 5 9 *10 11)
[    0.528235] ACPI: PCI Interrupt Link [LNKC] (IRQs 5 *9 10 11)
[    0.532233] ACPI: PCI Interrupt Link [LNKD] (IRQs 5 9 10 *11)
[    0.536426] SCSI subsystem initialized
[    0.539818] pci 0000:00:02.0: vgaarb: setting as boot VGA device
[    0.540000] pci 0000:00:02.0: vgaarb: VGA device added: decodes=io+mem,owns=io+mem,locks=none
[    0.540012] pci 0000:00:02.0: vgaarb: bridge control possible
[    0.544003] vgaarb: loaded
[    0.548049] ACPI: bus type USB registered
[    0.552034] usbcore: registered new interface driver usbfs
[    0.556013] usbcore: registered new interface driver hub
[    0.560012] usbcore: registered new device driver usb
[    0.564080] EDAC MC: Ver: 3.0.0
[    0.568774] PCI: Using ACPI for IRQ routing
[    0.572808] NetLabel: Initializing
[    0.576009] NetLabel:  domain hash size = 128
[    0.580007] NetLabel:  protocols = UNLABELED CIPSOv4 CALIPSO
[    0.584035] NetLabel:  unlabeled traffic allowed by default
[    0.592021] clocksource: Switched to clocksource kvm-clock
[    0.653672] VFS: Disk quotas dquot_6.6.0
[    0.657989] VFS: Dquot-cache hash table entries: 512 (order 0, 4096 bytes)
[    0.665476] AppArmor: AppArmor Filesystem Enabled
[    0.670818] pnp: PnP ACPI init
[    0.675611] pnp: PnP ACPI: found 3 devices
[    0.687547] clocksource: acpi_pm: mask: 0xffffff max_cycles: 0xffffff, max_idle_ns: 2085701024 ns
[    0.695517] NET: Registered protocol family 2
[    0.699721] IP idents hash table entries: 8192 (order: 4, 65536 bytes)
[    0.706106] TCP established hash table entries: 4096 (order: 3, 32768 bytes)
[    0.712486] TCP bind hash table entries: 4096 (order: 4, 65536 bytes)
[    0.718377] TCP: Hash tables configured (established 4096 bind 4096)
[    0.724196] UDP hash table entries: 256 (order: 1, 8192 bytes)
[    0.729317] UDP-Lite hash table entries: 256 (order: 1, 8192 bytes)
[    0.735062] NET: Registered protocol family 1
[    0.739082] pci 0000:00:00.0: Limiting direct PCI/PCI transfers
[    0.744220] pci 0000:00:01.0: Activating ISA DMA hang workarounds
[    0.749555] pci 0000:00:02.0: Video device with shadowed ROM at [mem 0x000c0000-0x000dffff]
[    0.757171] Unpacking initramfs...
[    1.307546] Freeing initrd memory: 19528K
[    1.312184] clocksource: tsc: mask: 0xffffffffffffffff max_cycles: 0x33cb90dabe4, max_idle_ns: 440795278577 ns
[    1.320927] platform rtc_cmos: registered platform RTC device (no PNP device found)
[    1.327613] Scanning for low memory corruption every 60 seconds
[    1.333372] Initialise system trusted keyrings
[    1.337656] Key type blacklist registered
[    1.341222] workingset: timestamp_bits=36 max_order=17 bucket_order=0
[    1.349462] zbud: loaded
[    1.353027] squashfs: version 4.0 (2009/01/31) Phillip Lougher
[    1.358778] fuse init (API version 7.26)
[    1.364930] Key type asymmetric registered
[    1.368805] Asymmetric key parser 'x509' registered
[    1.373128] Block layer SCSI generic (bsg) driver version 0.4 loaded (major 246)
[    1.379871] io scheduler noop registered
[    1.383555] io scheduler deadline registered
[    1.387695] io scheduler cfq registered (default)
[    1.392402] ACPI: AC Adapter [AC] (on-line)
[    1.395952] input: Power Button as /devices/LNXSYSTM:00/LNXPWRBN:00/input/input0
[    1.402525] ACPI: Power Button [PWRF]
[    1.405959] input: Sleep Button as /devices/LNXSYSTM:00/LNXSLPBN:00/input/input1
[    1.412583] ACPI: Sleep Button [SLPF]
[    1.416326] Serial: 8250/16550 driver, 32 ports, IRQ sharing enabled
[    1.452889] 00:02: ttyS0 at I/O 0x3f8 (irq = 4, base_baud = 115200) is a 16550A
[    1.463334] Linux agpgart interface v0.103
[    1.470558] loop: module loaded
[    1.474874] scsi host0: ata_piix
[    1.477933] scsi host1: ata_piix
[    1.481454] ata1: PATA max UDMA/33 cmd 0x1f0 ctl 0x3f6 bmdma 0xd000 irq 14
[    1.487751] ata2: PATA max UDMA/33 cmd 0x170 ctl 0x376 bmdma 0xd008 irq 15
[    1.495525] tun: Universal TUN/TAP device driver, 1.6
[    1.500013] PPP generic driver version 2.4.2
[    1.504096] ehci_hcd: USB 2.0 'Enhanced' Host Controller (EHCI) Driver
[    1.509635] ehci-pci: EHCI PCI platform driver
[    1.513585] ehci-platform: EHCI generic platform driver
[    1.518417] ohci_hcd: USB 1.1 'Open' Host Controller (OHCI) Driver
[    1.523850] ohci-pci: OHCI PCI platform driver
[    1.527846] ohci-platform: OHCI generic platform driver
[    1.532405] uhci_hcd: USB Universal Host Controller Interface driver
[    1.537908] i8042: PNP: PS/2 Controller [PNP0303:PS2K,PNP0f03:PS2M] at 0x60,0x64 irq 1,12
[    1.547920] serio: i8042 KBD port at 0x60,0x64 irq 1
[    1.552255] serio: i8042 AUX port at 0x60,0x64 irq 12
[    1.556679] mousedev: PS/2 mouse device common for all mice
[    1.562746] input: AT Translated Set 2 keyboard as /devices/platform/i8042/serio0/input/input2
[    1.571126] rtc_cmos rtc_cmos: rtc core: registered rtc_cmos as rtc0
[    1.577699] rtc_cmos rtc_cmos: alarms up to one day, 114 bytes nvram
[    1.583441] i2c /dev entries driver
[    1.586785] device-mapper: uevent: version 1.0.3
[    1.590849] device-mapper: ioctl: 4.37.0-ioctl (2017-09-20) initialised: dm-devel@redhat.com
[    1.597999] ledtrig-cpu: registered to indicate activity on CPUs
[    1.603545] NET: Registered protocol family 10
[    1.610627] Segment Routing with IPv6
[    1.613933] NET: Registered protocol family 17
[    1.617999] Key type dns_resolver registered
[    1.622302] mce: Using 0 MCE banks
[    1.625549] RAS: Correctable Errors collector initialized.
[    1.630305] sched_clock: Marking stable (1630233337, 0)->(3885505788, -2255272451)
[    1.636920] registered taskstats version 1
[    1.640711] Loading compiled-in X.509 certificates
[    1.646737] Loaded X.509 cert 'Build time autogenerated kernel key: b5b26778eaa3ab3a4a6cee031137706e947d12ad'
[    1.709946] Loaded X.509 cert 'Canonical Ltd. Live Patch Signing: 14df34d1a87cf37625abec039ef2bf521249b969'
[    1.718451] Loaded X.509 cert 'Canonical Ltd. Kernel Module Signing: 88f752e560a1e0737e31163a466ad7b70a850c19'
[    1.726813] blacklist: Loading compiled-in revocation X.509 certificates
[    1.732792] Loaded X.509 cert 'Canonical Ltd. Secure Boot Signing: 61482aa2830d0ab2ad5af10b7250da9033ddcef0'
[    1.741542] Loaded X.509 cert 'Canonical Ltd. Secure Boot Signing (2017): 242ade75ac4a15e50d50c84b0d45ff3eae707a03'
[    1.751544] Loaded X.509 cert 'Canonical Ltd. Secure Boot Signing (ESM 2018): 365188c1d374d6b07c3c8f240f8ef722433d6a8b'
[    1.761518] Loaded X.509 cert 'Canonical Ltd. Secure Boot Signing (2019): c0746fd6c5da3ae827864651ad66ae47fe24b3e8'
[    1.771375] Loaded X.509 cert 'Canonical Ltd. Secure Boot Signing (2021 v1): a8d54bbb3825cfb94fa13c9f8a594a195c107b8d'
[    1.781562] Loaded X.509 cert 'Canonical Ltd. Secure Boot Signing (2021 v2): 4cf046892d6fd3c9a5b03f98d845f90851dc6a8c'
[    1.790997] Loaded X.509 cert 'Canonical Ltd. Secure Boot Signing (2021 v3): 100437bb6de6e469b581e61cd66bce3ef4ed53af'
[    1.799912] Loaded X.509 cert 'Canonical Ltd. Secure Boot Signing (Ubuntu Core 2019): c1d57b8f6b743f23ee41f4f7ee292f06eecadfb9'
[    1.809507] zswap: loaded using pool lzo/zbud
[    1.816599] Key type big_key registered
[    1.819854] Key type trusted registered
[    1.824854] Key type encrypted registered
[    1.828500] AppArmor: AppArmor sha1 policy hashing enabled
[    1.833285] ima: No TPM chip found, activating TPM-bypass! (rc=-19)
[    1.838539] ima: Allocated hash algorithm: sha1
[    1.842557] evm: HMAC attrs: 0x1
[    1.846432]   Magic number: 0:100:462
[    1.850054] rtc_cmos rtc_cmos: setting system clock to 2024-11-11 03:28:40 UTC (1731295720)
[    1.857469] BIOS EDD facility v0.16 2004-Jun-25, 0 devices found
[    1.862623] EDD information not available.
[    1.869072] Freeing unused kernel image memory: 2480K
[    1.880675] Write protecting the kernel read-only data: 20480k
[    1.886493] Freeing unused kernel image memory: 2008K
[    1.891106] Freeing unused kernel image memory: 1820K
[    1.901552] x86/mm: Checked W+X mappings: passed, no W+X pages found.
Loading, please wait...
starting version 237
[    2.011232] e1000: Intel(R) PRO/1000 Network Driver - version 7.3.21-k8-NAPI
[    2.017780] e1000: Copyright (c) 1999-2006 Intel Corporation.
[    2.027537] Fusion MPT base driver 3.04.20
[    2.032147] Copyright (c) 1999-2008 LSI Corporation
[    2.059029] SSE version of gcm_enc/dec engaged.
[    2.093629] Fusion MPT SPI Host driver 3.04.20
[    2.295596] input: ImExPS/2 Generic Explorer Mouse as /devices/platform/i8042/serio1/input/input4
[    2.786920] e1000 0000:00:03.0 eth0: (PCI:33MHz:32-bit) 02:3b:7b:b7:3b:2d
[    2.924148] e1000 0000:00:03.0 eth0: Intel(R) PRO/1000 Network Connection
[    2.931168] mptbase: ioc0: Initiating bringup
[    3.047021] ioc0: LSI53C1030 A0: Capabilities={Initiator}
[    3.303427] scsi host2: ioc0: LSI53C1030 A0, FwRev=00000000h, Ports=1, MaxQ=256, IRQ=20
[    3.477744] scsi 2:0:0:0: Direct-Access     VBOX     HARDDISK         1.0  PQ: 0 ANSI: 5
[    3.487259] scsi target2:0:0: Beginning Domain Validation
[    3.496661] scsi target2:0:0: Domain Validation skipping write tests
[    3.501924] scsi target2:0:0: Ending Domain Validation
[    3.506991] scsi target2:0:0: asynchronous
[    3.512742] scsi 2:0:1:0: Direct-Access     VBOX     HARDDISK         1.0  PQ: 0 ANSI: 5
[    3.520009] scsi target2:0:1: Beginning Domain Validation
[    3.545278] scsi target2:0:1: Domain Validation skipping write tests
[    3.550840] scsi target2:0:1: Ending Domain Validation
[    3.570891] scsi target2:0:1: asynchronous
[    3.668819] sd 2:0:0:0: Attached scsi generic sg0 type 0
[    3.673488] sd 2:0:0:0: [sda] 83886080 512-byte logical blocks: (42.9 GB/40.0 GiB)
[    3.688590] sd 2:0:1:0: [sdb] 20480 512-byte logical blocks: (10.5 MB/10.0 MiB)
[    3.698669] sd 2:0:1:0: Attached scsi generic sg1 type 0
[    3.703512] sd 2:0:0:0: [sda] Write Protect is off
[    3.716240] sd 2:0:0:0: [sda] Incomplete mode parameter data
[    3.721251] sd 2:0:0:0: [sda] Assuming drive cache: write through
[    3.726794] sd 2:0:1:0: [sdb] Write Protect is off
[    3.739481] sd 2:0:1:0: [sdb] Incomplete mode parameter data
[    3.744339] sd 2:0:1:0: [sdb] Assuming drive cache: write through
[    3.760599]  sda: sda1
[    3.764766] sd 2:0:0:0: [sda] Attached SCSI disk
[    3.789790] sd 2:0:1:0: [sdb] Attached SCSI disk
[    4.278586] e1000 0000:00:08.0 eth1: (PCI:33MHz:32-bit) 08:00:27:3d:06:89
[    4.284476] e1000 0000:00:08.0 eth1: Intel(R) PRO/1000 Network Connection
[    4.291712] e1000 0000:00:08.0 enp0s8: renamed from eth1
[    4.310868] e1000 0000:00:03.0 enp0s3: renamed from eth0
Begin: Loading essential drivers ... [    5.956344] raid6: sse2x1   gen()  7553 MB/s
[    6.008113] raid6: sse2x1   xor()  7469 MB/s
[    6.072137] raid6: sse2x2   gen() 19123 MB/s
[    6.124137] raid6: sse2x2   xor() 10263 MB/s
[    6.176085] raid6: sse2x4   gen() 15829 MB/s
[    6.228075] raid6: sse2x4   xor()  8764 MB/s
[    6.232061] raid6: using algorithm sse2x2 gen() 19123 MB/s
[    6.236989] raid6: .... xor() 10263 MB/s, rmw enabled
[    6.241270] raid6: using ssse3x2 recovery algorithm
[    6.247153] xor: measuring software checksum speed
[    6.352052]    prefetch64-sse: 44865.000 MB/sec
[    6.456097]    generic_sse: 44090.000 MB/sec
[    6.460088] xor: using function: prefetch64-sse (44865.000 MB/sec)
[    6.466759] async_tx: api initialized (async)
done.
Begin: Running /scripts/init-premount ... done.
Begin: Mounting root file system ... Begin: Running /scripts/local-top ... done.
Begin: Running /scripts/local-premount ... [    6.525930] Btrfs loaded, crc32c=crc32c-intel
Scanning for Btrfs filesystems
done.
Warning: fsck not present, so skipping root file system
[    6.579673] EXT4-fs (sda1): mounted filesystem with ordered data mode. Opts: (null)
done.
Begin: Running /scripts/local-bottom ... done.
Begin: Running /scripts/init-bottom ... done.
[    6.837028] ip_tables: (C) 2000-2006 Netfilter Core Team
[    6.859994] systemd[1]: systemd 237 running in system mode. (+PAM +AUDIT +SELINUX +IMA +APPARMOR +SMACK +SYSVINIT +UTMP +LIBCRYPTSETUP +GCRYPT +GNUTLS +ACL +XZ +LZ4 +SECCOMP +BLKID +ELFUTILS +KMOD -IDN2 +IDN -PCRE2 default-hierarchy=hybrid)
[    6.877736] systemd[1]: Detected virtualization oracle.
[    6.882266] systemd[1]: Detected architecture x86-64.

Welcome to [1mUbuntu 18.04.6 LTS[0m!

[    6.892977] systemd[1]: Set hostname to <ubuntu>.
[    6.904694] systemd[1]: Initializing machine ID from random generator.
[    6.910414] systemd[1]: Installed transient /etc/machine-id file.
[    7.245277] systemd[1]: Reached target Swap.
[[0;32m  OK  [0m] Reached target Swap.
[    7.253174] systemd[1]: Reached target Mounting snaps.
[[0;32m  OK  [0m] Reached target Mounting snaps.
[    7.261610] systemd[1]: Reached target Mounted snaps.
[[0;32m  OK  [0m] Reached target Mounted snaps.
[    7.269804] systemd[1]: Started Forward Password Requests to Wall Directory Watch.
[[0;32m  OK  [0m] Started Forward Password Requests to Wall Directory Watch.
[[0;32m  OK  [0m] Created slice System Slice.
[[0;32m  OK  [0m] Listening on LVM2 metadata daemon socket.
[[0;32m  OK  [0m] Listening on Journal Socket (/dev/log).
[[0;32m  OK  [0m] Listening on Journal Audit Socket.
[[0;32m  OK  [0m] Created slice system-serial\x2dgetty.slice.
[[0;32m  OK  [0m] Listening on /dev/initctl Compatibility Named Pipe.
[[0;32m  OK  [0m] Listening on Journal Socket.
         Starting Load Kernel Modules...
         Mounting Huge Pages File System...
         Mounting Kernel Debug File System...
[[    7.331600] Loading iSCSI transport class v2.0-870.
[0;32m  OK  [0m] Listening on udev Kernel Socket.
[[0;32m  OK  [0m] Listening on fsck to fsckd communication Socket.
[[0;32m  OK  [0m] Reached target System Time Synchronized.
[    7.355434] iscsi: registered transport (tcp)
         Starting Uncomplicated firewall...
         Starting Set the console keyboard layout...
[[0;32m  OK  [0m] Set up automount Arbitrary Executab…rmats File System Automount Point.
[[0;32m  OK  [0m] Created slice User and Session Slice.
[[0;32m  OK  [0m] Reached target Slices.
         Starting Create list of required st…ce nodes for the current kernel...
[    7.406426] iscsi: registered transport (iser)
         Starting File System Check on Root Device...
[[0;32m  OK  [0m] Listening on LVM2 poll daemon socket.
[[0;32m  OK  [0m] Listening on Device-mapper event daemon FIFOs.
[[0;32m  OK  [0m] Listening on udev Control Socket.
[[0;32m  OK  [0m] Listening on Network Service Netlink Socket.
[[0;32m  OK  [0m] Reached target User and Group Name Lookups.
         Starting udev Coldplug all Devices...
         Starting Monitoring of LVM2 mirrors…ng dmeventd or progress polling...
[[0;32m  OK  [0m] Listening on Syslog Socket.
         Starting Journal Service...
         Mounting POSIX Message Queue File System...
[[0;32m  OK  [0m] Started Load Kernel Modules.
[[0;32m  OK  [0m] Mounted Huge Pages File System.
[[0;32m  OK  [0m] Mounted Kernel Debug File System.
[[0;32m  OK  [0m] Started Uncomplicated firewall.
[[0;32m  OK  [0m] Started Create list of required sta…vice nodes for the current kernel.
[[0;32m  OK  [0m] Started File System Check on Root Device.
[[0;32m  OK  [0m] Mounted POSIX Message Queue File System.
[[0;32m  OK  [0m] Started File System Check Daemon to report status.
         Starting Remount Root and Kernel File Systems...
         Starting Create Static Device Nodes in /dev...
         Mounting FUSE Control File System...
         Mounting Kernel Configuration File System...
         Starting Apply Kernel Variables...
[[0;32m  OK  [0m] Mounted Kernel Configuration File System.
[[0;32m  OK  [0m] Mounted FUSE Control File System.
[[0;32m  OK  [0m] Started Create Static Device Nodes in /dev.
[[0;32m  OK  [0m] Started udev Coldplug all Devices.
[[0;32m  OK  [0m] Started Remount Root and Kernel File Systems.
[[0;32m  OK  [0m] Started Apply Kernel Variables.
[[0;32m  OK  [0m] Started Journal Service.
[[0;32m  OK  [0m] Started LVM2 metadata daemon.
         Starting Load/Save Random Seed...
         Starting udev Kernel Device Manager...
         Starting Flush Journal to Persistent Storage...
[[0;32m  OK  [0m] Started Monitoring of LVM2 mirrors,…sing dmeventd or progress polling.
[[0;32m  OK  [0m] Started Load/Save Random Seed.
[[0;32m  OK  [0m] Started udev Kernel Device Manager.
[[0;32m  OK  [0m] Started Flush Journal to Persistent Storage.
[[0;32m  OK  [0m] Found device /dev/ttyS0.
[[0;32m  OK  [0m] Listening on Load/Save RF Kill Switch Status /dev/rfkill Watch.
[[0;32m  OK  [0m] Started Set the console keyboard layout.
[[0;32m  OK  [0m] Reached target Local File Systems (Pre).
[[0;32m  OK  [0m] Reached target Local File Systems.
         Starting AppArmor initialization...
         Starting ebtables ruleset management...
         Starting Commit a transient machine-id on disk...
         Starting Set console font and keymap...
         Starting Tell Plymouth To Write Out Runtime Data...
         Starting Create Volatile Files and Directories...
[[0;32m  OK  [0m] Started Dispatch Password Requests to Console Directory Watch.
[[0;32m  OK  [0m] Reached target Local Encrypted Volumes.
[[0;32m  OK  [0m] Started Tell Plymouth To Write Out Runtime Data.
[[0;32m  OK  [0m] Started Commit a transient machine-id on disk.
[[0;32m  OK  [0m] Started Create Volatile Files and Directories.
         Starting Update UTMP about System Boot/Shutdown...
         Mounting Arbitrary Executable File Formats File System...
[[0;32m  OK  [0m] Started Update UTMP about System Boot/Shutdown.
[[0;32m  OK  [0m] Mounted Arbitrary Executable File Formats File System.
[[0;32m  OK  [0m] Started ebtables ruleset management.
[[0;32m  OK  [0m] Started AppArmor initialization.
         Starting Load AppArmor profiles managed internally by snapd...
         Starting Initial cloud-init job (pre-networking)...
[[0;32m  OK  [0m] Started Load AppArmor profiles managed internally by snapd.
[[0;32m  OK  [0m] Started Set console font and keymap.
[   12.367281] cloud-init[787]: Cloud-init v. 23.1.2-0ubuntu0~18.04.1 running 'init-local' at Mon, 11 Nov 2024 03:28:50 +0000. Up 12.03 seconds.
[[0;32m  OK  [0m] Started Initial cloud-init job (pre-networking).
[[0;32m  OK  [0m] Reached target Network (Pre).
         Starting Network Service...
[[0;32m  OK  [0m] Started Network Service.
         Starting Network Name Resolution...
         Starting Wait for Network to be Configured...
[[0;32m  OK  [0m] Started Network Name Resolution.
[[0;32m  OK  [0m] Reached target Network.
[[0;32m  OK  [0m] Reached target Host and Network Name Lookups.
[[0;32m  OK  [0m] Started Wait for Network to be Configured.
         Starting Initial cloud-init job (metadata service crawler)...
[   14.701210] cloud-init[903]: Cloud-init v. 23.1.2-0ubuntu0~18.04.1 running 'init' at Mon, 11 Nov 2024 03:28:53 +0000. Up 14.59 seconds.
[   14.715157] cloud-init[903]: ci-info: ++++++++++++++++++++++++++++++++++++++Net device info+++++++++++++++++++++++++++++++++++++++
[   14.724830] cloud-init[903]: ci-info: +--------+-------+----------------------------+---------------+--------+-------------------+
[   14.740903] cloud-init[903]: ci-info: | Device |   Up  |          Address           |      Mask     | Scope  |     Hw-Address    |
[   14.754653] cloud-init[903]: ci-info: +--------+-------+----------------------------+---------------+--------+-------------------+
[   14.769082] cloud-init[903]: ci-info: | enp0s3 |  True |         10.0.2.15          | 255.255.255.0 | global | 02:3b:7b:b7:3b:2d |
[   14.780936] cloud-init[903]: ci-info: | enp0s3 |  True | fd00::3b:7bff:feb7:3b2d/64 |       .       | global | 02:3b:7b:b7:3b:2d |
[   14.787838] cloud-init[903]: ci-info: | enp0s3 |  True | fe80::3b:7bff:feb7:3b2d/64 |       .       |  link  | 02:3b:7b:b7:3b:2d |
[   14.795542] cloud-init[903]: ci-info: | enp0s8 | False |             .              |       .       |   .    | 08:00:27:3d:06:89 |
[   14.804550] cloud-init[903]: ci-info: |   lo   |  True |         127.0.0.1          |   255.0.0.0   |  host  |         .         |
[   14.820256] cloud-init[903]: ci-info: |   lo   |  True |          ::1/128           |       .       |  host  |         .         |
[   14.828779] cloud-init[903]: ci-info: +--------+-------+----------------------------+---------------+--------+-------------------+
[   14.836877] cloud-init[903]: ci-info: ++++++++++++++++++++++++++++Route IPv4 info+++++++++++++++++++++++++++++
[   14.844857] cloud-init[903]: ci-info: +-------+-------------+----------+-----------------+-----------+-------+
[   14.854466] cloud-init[903]: ci-info: | Route | Destination | Gateway  |     Genmask     | Interface | Flags |
[   14.866251] cloud-init[903]: ci-info: +-------+-------------+----------+-----------------+-----------+-------+
[   14.877234] cloud-init[903]: ci-info: |   0   |   0.0.0.0   | 10.0.2.2 |     0.0.0.0     |   enp0s3  |   UG  |
[   14.888574] cloud-init[903]: ci-info: |   1   |   10.0.2.0  | 0.0.0.0  |  255.255.255.0  |   enp0s3  |   U   |
[   14.900480] cloud-init[903]: ci-info: |   2   |   10.0.2.2  | 0.0.0.0  | 255.255.255.255 |   enp0s3  |   UH  |
[   14.911085] cloud-init[903]: ci-info: +-------+-------------+----------+-----------------+-----------+-------+
[   14.926265] cloud-init[903]: ci-info: +++++++++++++++++++Route IPv6 info+++++++++++++++++++
[   14.933762] cloud-init[903]: ci-info: +-------+-------------+---------+-----------+-------+
[   14.944941] cloud-init[903]: ci-info: | Route | Destination | Gateway | Interface | Flags |
[   14.956049] cloud-init[903]: ci-info: +-------+-------------+---------+-----------+-------+
[   14.964081] cloud-init[903]: ci-info: |   1   |  fd00::/64  |    ::   |   enp0s3  |   U   |
[   14.980948] cloud-init[903]: ci-info: |   2   |  fe80::/64  |    ::   |   enp0s3  |   U   |
[   15.006686] cloud-init[903]: ci-info: |   3   |     ::/0    | fe80::2 |   enp0s3  |   UG  |
[   15.020070] cloud-init[903]: ci-info: |   5   |    local    |    ::   |   enp0s3  |   U   |
[   15.026561] cloud-init[903]: ci-info: |   6   |   ff00::/8  |    ::   |   enp0s3  |   U   |
[   15.031801] cloud-init[903]: ci-info: +-------+-------------+---------+-----------+-------+
[   15.723698] cloud-init[903]: Generating public/private rsa key pair.
[   15.741508] cloud-init[903]: Your identification has been saved in /etc/ssh/ssh_host_rsa_key.
[   15.747580] cloud-init[903]: Your public key has been saved in /etc/ssh/ssh_host_rsa_key.pub.
[   15.761621] cloud-init[903]: The key fingerprint is:
[   15.766925] cloud-init[903]: SHA256:V142Qi700nyfG4uhvVpVaMWnDs3ADq7ty7n5cklcQSU root@ubuntu-bionic
[   15.783363] cloud-init[903]: The key's randomart image is:
[   15.788631] cloud-init[903]: +---[RSA 2048]----+
[   15.804626] cloud-init[903]: |          ....Eoo|
[   15.808683] cloud-init[903]: |         ..*o .+o|
[[0;32m  OK  [0m] Started Initial cloud-init job (metadata service crawler).[   15.817341] cloud-init[903]: |         .ooB+Boo|
[[0;32m  OK  [0m] Reached target Network is Online.
[   15.826024] cloud-init[903]: 
[[0;32m  OK  [0m] Reached target Remote File Systems (Pre).
[[0;32m  OK  [0m] Reached target Remote File Systems.|          .=o*=oo|
[   15.843288] 
         Starting Availability of block devices...cloud-init[903]: |        So...= +.|
[[0;32m  OK  [0m] Reached target Cloud-config availability.
[[0;32m  OK  [0m
[   15.865207] cloud-init[903]: |        ... = = +|] Reached target System Initialization.
[[0;32m  OK  [0m] Started Daily Cleanup of Temporary Directories.

[   15.882339] cloud-init[903]:          Starting LXD - unix socket.
|         . o = o |
[   15.891640] [[0;32m  OK  [0m] Started ACPI Events Check.
[cloud-init[903]: [0;32m  OK  [0m] Listening on UUID daemon activation socket.
|         .oo+ .  |
[   15.911968] [[0;32m  OK  [0m] Started Daily apt download activities.
[[0;32m  OK  [0mcloud-init[903]: |          *Bo.   |
[   15.924087] ] Started Daily apt upgrade and clean activities.
cloud-init[903]: +----[SHA256]-----+
         Starting Socket activation for snappy daemon.
[   15.934798] cloud-init[903]: Generating public/private dsa key pair.
[[0;32m  OK  [0m] Listening on Open-iSCSI iscsid Socket.
[   15.946159] [[0;32m  OK  [0m] Reached target Paths.
[[0;32m  OK  [0mcloud-init[903]: Your identification has been saved in /etc/ssh/ssh_host_dsa_key.
[   15.956896] cloud-init[903]: Your public key has been saved in /etc/ssh/ssh_host_dsa_key.pub.
[   15.960079] cloud-init[903]: The key fingerprint is:
[   15.960112] cloud-init[903]: SHA256:JOEL0Q7kBv+Fo3zZAs5g9Acm2znfyj3+44lmVff8jog root@ubuntu-bionic
[   15.960135] cloud-init[903]: The key's randomart image is:
[   15.960155] cloud-init[903]: +---[DSA 1024]----+
[   15.960188] cloud-init[903]: |  +.=..          |
[   15.960210] cloud-init[903]: | . X.=.o         |
[   15.960230] cloud-init[903]: |  + @o* o        |
[   15.960249] cloud-init[903]: | . * O.X    . .  |
[   15.960268] cloud-init[903]: |    = B S  . . o |
[   15.960287] cloud-init[903]: |     o +  .     o|
[   15.960309] cloud-init[903]: |      o o.      .|
[   15.960334] cloud-init[903]: |       .oo.o . ..|
[   15.960356] cloud-init[903]: |       oooE.. ...|
[   15.960379] cloud-init[903]: +----[SHA256]-----+
[   15.960399] cloud-init[903]: Generating public/private ecdsa key pair.
[   15.960421] cloud-init[903]: Your identification has been saved in /etc/ssh/ssh_host_ecdsa_key.
[   15.960440] cloud-init[903]: Your public key has been saved in /etc/ssh/ssh_host_ecdsa_key.pub.
[   15.960494] cloud-init[903]: The key fingerprint is:
[   15.960533] cloud-init[903]: SHA256:tPbsRCksVcJLq2ICdj2BK+H+kZasyL8bMSAQCpZz94E root@ubuntu-bionic
[   15.960565] cloud-init[903]: The key's randomart image is:
[   15.960592] cloud-init[903]: +---[ECDSA 256]---+
] Started Ubuntu Advantage Timer for running repeated jobs.
[[0;32m  OK  [0m] Listening on cloud-init hotplug hook socket.
[[0;32m  OK  [0m] Listening on ACPID Listen Socket.
[[0;32m  OK  [0m] Started Message of the Day.
[[0;32m  OK  [0m] Listening on D-Bus System Message Bus Socket.
[[0;32m  OK  [0m] Started Discard unused blocks once a week.
[[0;32m  OK  [0m] Reached target Timers.
[[0;32m  OK  [0m] Started Availability of block devices.
[[0;32m  OK  [0m] Listening on LXD - unix socket.
[[0;32m  OK  [0m] Listening on Socket activation for snappy daemon.
[[0;32m  OK  [0m] Reached target Sockets.
[[0;32m  OK  [0m] Reached target Basic System.
[   16.053023] cloud-init[903]: |+o. . ... .      |
         Starting Dispatcher daemon for systemd-networkd...
[   16.074597] cloud-init         Starting LXD - container startup/shutdown...
[903]:          Starting LSB: automatic crash report generation...
         Starting Login Service...
|=+ o E .oo       |
[   16.105167] cloud-init[903]: |+.+ + o.+o       |
[   16.121526] cloud-init[903]: |o+.o o =o. .     |
[   16.137916] cloud-init[903]: |o.+oo o.S o      |
[   16.157541] cloud-init[903]: | ..*= .o =       |
[   16.164931] cloud-init[903]: |o ++..    +      |
[   16.171446] cloud-init[903]: |.o ..    o       |
[   16.178270] cloud-init[903]: |  .+o     .      |
[   16.184496] cloud-init[903]: +----[SHA256]-----+
[[0;32m  OK  [0m] Started Regular background program processing daemon.[   16.205035] 
         Starting Permit User Sessions...cloud-init
[903]: Generating public/private ed25519 key pair.
[   16.238674] cloud-init[903]: Your identification has been saved in /etc/ssh/ssh_host_ed25519_key.
[   16.268197]          Starting Pollinate to seed the pseudo random number generator...
cloud-init         [903]: Your public key has been saved in /etc/ssh/ssh_host_ed25519_key.pub.Starting Virtualbox guest utils...
         Starting Snap Daemon...

[   16.318869] cloud-init[903]: The key fingerprint is:
[   16.334371] cloud-init[903]: SHA256:5DRlZmsLmRerZ5VarYBjxFJv0GCF8Iz8595Ou/xnK5w root@ubuntu-bionic[[0;32m  OK  [0m] Started irqbalance daemon.

         Starting System Logging Service...[   16.360993] 
cloud-init[[0;32m  OK  [0m] Started D-Bus System Message Bus.
[903]: The key's randomart image is:
[   16.384947] cloud-init[903]: +--[ED25519 256]--+
[   16.394970] cloud-init[903]: |      .+*=B      |
[   16.413396] cloud-init[903]: |     ..*o@.+ o   |
[   16.426343] cloud-init[903]: |      o.& O + .  |
[   16.443643] cloud-init[903]: |       * O * .   |
[   16.462508] cloud-init[903]: |        S * .    |
[   16.476952] cloud-init[903]: |         =       |
[   16.490015] cloud-init[903]: |          . o .  |
[   16.498053] cloud-init[903]: |         . + E  o|
[   16.512731] cloud-init[903]: |          ..*oo+.|
[   16.520870] cloud-init[903]: +----[SHA256]-----+
[[0;32m  OK  [0m] Started Login Service.
[[0;32m  OK  [0m] Started Unattended Upgrades Shutdown.
         Starting LSB: Record successful boot for GRUB...
         Starting Accounts Service...
[[0;32m  OK  [0m] Reached target Login Prompts (Pre).
[[0;32m  OK  [0m] Started Deferred execution scheduler.
[[0;32m  OK  [0m] Started FUSE filesystem for LXC.
[[0;32m  OK  [0m] Started System Logging Service.
[[0;32m  OK  [0m] Started Permit User Sessions.
[[0;32m  OK  [0m] Started Dispatcher daemon for systemd-networkd.
[[0;32m  OK  [0m] Started LXD - container startup/shutdown.
         Starting Hostname Service...
         Starting Hold until boot process finishes up...
         Starting Terminate Plymouth Boot Screen...
[[0;32m  OK  [0m] Started Hold until boot process finishes up.
[[0;32m  OK  [0m] Started Serial Getty on ttyS0.
         Starting Set console scheme...
[[0;32m  OK  [0m] Started Terminate Plymouth Boot Screen.
[[0;32m  OK  [0m] Started Set console scheme.
[[0;32m  OK  [0m] Started LSB: automatic crash report generation.
         Starting Authorization Manager...
[[0;32m  OK  [0m] Created slice system-getty.slice.
[[0;32m  OK  [0m] Started Getty on tty1.
[[0;32m  OK  [0m] Reached target Login Prompts.
[[0;32m  OK  [0m] Started Hostname Service.
[[0;32m  OK  [0m] Started Authorization Manager.
[[0;32m  OK  [0m] Started LSB: Record successful boot for GRUB.
[[0;32m  OK  [0m] Started Accounts Service.
[[0;32m  OK  [0m] Started Virtualbox guest utils.
[[0;32m  OK  [0m] Started Snap Daemon.
         Starting Wait until snapd is fully seeded...
         Starting Time & Date Service...
[[0;32m  OK  [0m] Started Time & Date Service.

Ubuntu 18.04.6 LTS ubuntu-bionic ttyS0

ubuntu-bionic login: [   53.735251] cloud-init[2301]: Cloud-init v. 23.1.2-0ubuntu0~18.04.1 running 'modules:config' at Mon, 11 Nov 2024 03:29:31 +0000. Up 53.21 seconds.
ci-info: no authorized SSH keys fingerprints found for user ubuntu.
<14>Nov 11 03:29:33 cloud-init: #############################################################
<14>Nov 11 03:29:33 cloud-init: -----BEGIN SSH HOST KEY FINGERPRINTS-----
<14>Nov 11 03:29:33 cloud-init: 1024 SHA256:JOEL0Q7kBv+Fo3zZAs5g9Acm2znfyj3+44lmVff8jog root@ubuntu-bionic (DSA)
<14>Nov 11 03:29:33 cloud-init: 256 SHA256:tPbsRCksVcJLq2ICdj2BK+H+kZasyL8bMSAQCpZz94E root@ubuntu-bionic (ECDSA)
<14>Nov 11 03:29:33 cloud-init: 256 SHA256:5DRlZmsLmRerZ5VarYBjxFJv0GCF8Iz8595Ou/xnK5w root@ubuntu-bionic (ED25519)
<14>Nov 11 03:29:33 cloud-init: 2048 SHA256:V142Qi700nyfG4uhvVpVaMWnDs3ADq7ty7n5cklcQSU root@ubuntu-bionic (RSA)
<14>Nov 11 03:29:33 cloud-init: -----END SSH HOST KEY FINGERPRINTS-----
<14>Nov 11 03:29:33 cloud-init: #############################################################
-----BEGIN SSH HOST KEY KEYS-----
ecdsa-sha2-nistp256 AAAAE2VjZHNhLXNoYTItbmlzdHAyNTYAAAAIbmlzdHAyNTYAAABBBFs2pcHErPOiJD0T0VH7+Z/AiNY2W3XxBwXHkp+blOxO4f6vzA8kU4cDqFpRUgQCINzSjK5LKrgIaExobRKUXDU= root@ubuntu-bionic
ssh-ed25519 AAAAC3NzaC1lZDI1NTE5AAAAIMO5u4xcxwVphVNgolGci+YraAUOc1AI4PtK62TH72nI root@ubuntu-bionic
ssh-rsa AAAAB3NzaC1yc2EAAAADAQABAAABAQCVfTXTx+Lb11ST13zNLjH2A1M5Zwloy4zqZ9wgaaXcW9vGY6gJFIGLQrANE60lF8SO8tRxG2NfxuyoZ1DYvuYRSGxIH4bMHG3d11EJl54n9H5i1jnAZNvMaFJkL1es9CPCjYyTuUpYzsPtonji4EJXAYBJT8h7sWnyb7wcHGx8nq1t6QqJZ5wHnchFzVwVojhwpjYcl2Ne2TJsCvdaw7jMGC+OoFwNfOOeq/wciEdMq85N73K8jDBw5HsxkHlgmG/Aqpr8wDwtCKWmMkKCbcthaEFLxBP8/HTESjOkjUHyJeUAAzRBEC7VG8GDmXzWSevxzzlmozTPFlF8HoGCRA6/ root@ubuntu-bionic
-----END SSH HOST KEY KEYS-----
[   54.488123] cloud-init[2358]: Cloud-init v. 23.1.2-0ubuntu0~18.04.1 running 'modules:final' at Mon, 11 Nov 2024 03:29:32 +0000. Up 54.25 seconds.
[   54.506565] cloud-init[2358]: Cloud-init v. 23.1.2-0ubuntu0~18.04.1 finished at Mon, 11 Nov 2024 03:29:33 +0000. Datasource DataSourceNoCloud [seed=/dev/sdb][dsmode=net].  Up 54.48 seconds
